track lost, tempo : 04-01-2023-10_30_15
everything fucked, tempo : 04-01-2023-10_30_15
track lost, tempo : 04-01-2023-10_30_15
camera fucked, tempo : 04-01-2023-10_30_15
controls fucked, tempo : 04-01-2023-10_30_15
fire fucked, tempo : 04-01-2023-10_30_15
camera fucked, tempo : 04-01-2023-10_30_15
controls fucked, tempo : 04-01-2023-10_30_15
controls fucked, tempo : 04-01-2023-10_30_15
track lost, tempo : 04-01-2023-10_30_15
fire fucked, tempo : 04-01-2023-10_30_16
everything fucked, tempo : 04-01-2023-10_30_16
camera fucked, tempo : 04-01-2023-10_30_16
track lost, tempo : 04-01-2023-10_30_16
camera fucked, tempo : 04-01-2023-10_30_16
controls fucked, tempo : 04-01-2023-10_30_16
camera fucked, tempo : 04-01-2023-10_30_16
camera fucked, tempo : 04-01-2023-10_30_16
everything fucked, tempo : 04-01-2023-10_30_16
controls fucked, tempo : 04-01-2023-10_30_16
fire fucked, tempo : 04-01-2023-10_30_17
controls fucked, tempo : 04-01-2023-10_30_17
track lost, tempo : 04-01-2023-10_30_17
controls fucked, tempo : 04-01-2023-10_30_17
everything fucked, tempo : 04-01-2023-10_30_17
controls fucked, tempo : 04-01-2023-10_30_17
track lost, tempo : 04-01-2023-10_30_17
fire fucked, tempo : 04-01-2023-10_30_17
controls fucked, tempo : 04-01-2023-10_30_17
controls fucked, tempo : 04-01-2023-10_30_17
everything fucked, tempo : 04-01-2023-10_30_18
fire fucked, tempo : 04-01-2023-10_30_18
controls fucked, tempo : 04-01-2023-10_30_18
everything fucked, tempo : 04-01-2023-10_30_18
camera fucked, tempo : 04-01-2023-10_30_18
camera fucked, tempo : 04-01-2023-10_30_18
controls fucked, tempo : 04-01-2023-10_30_18
fire fucked, tempo : 04-01-2023-10_30_18
everything fucked, tempo : 04-01-2023-10_30_18
camera fucked, tempo : 04-01-2023-10_30_18
fire fucked, tempo : 04-01-2023-10_30_19
fire fucked, tempo : 04-01-2023-10_30_19
controls fucked, tempo : 04-01-2023-10_30_19
everything fucked, tempo : 04-01-2023-10_30_19
fire fucked, tempo : 04-01-2023-10_30_19
track lost, tempo : 04-01-2023-10_30_19
track lost, tempo : 04-01-2023-10_30_19
everything fucked, tempo : 04-01-2023-10_30_19
camera fucked, tempo : 04-01-2023-10_30_19
camera fucked, tempo : 04-01-2023-10_30_19
track lost, tempo : 04-01-2023-10_30_20
camera fucked, tempo : 04-01-2023-10_30_20
everything fucked, tempo : 04-01-2023-10_30_20
controls fucked, tempo : 04-01-2023-10_30_20
