track lost, tempo : 06-01-2023-15_54_33
everything fucked, tempo : 06-01-2023-15_54_33
track lost, tempo : 06-01-2023-15_54_33
camera fucked, tempo : 06-01-2023-15_54_33
controls fucked, tempo : 06-01-2023-15_54_33
fire fucked, tempo : 06-01-2023-15_54_33
camera fucked, tempo : 06-01-2023-15_54_33
controls fucked, tempo : 06-01-2023-15_54_34
controls fucked, tempo : 06-01-2023-15_54_34
track lost, tempo : 06-01-2023-15_54_34
fire fucked, tempo : 06-01-2023-15_54_34
everything fucked, tempo : 06-01-2023-15_54_34
camera fucked, tempo : 06-01-2023-15_54_34
track lost, tempo : 06-01-2023-15_54_34
camera fucked, tempo : 06-01-2023-15_54_34
controls fucked, tempo : 06-01-2023-15_54_34
camera fucked, tempo : 06-01-2023-15_54_34
camera fucked, tempo : 06-01-2023-15_54_35
everything fucked, tempo : 06-01-2023-15_54_35
controls fucked, tempo : 06-01-2023-15_54_35
fire fucked, tempo : 06-01-2023-15_54_35
controls fucked, tempo : 06-01-2023-15_54_35
track lost, tempo : 06-01-2023-15_54_35
controls fucked, tempo : 06-01-2023-15_54_35
everything fucked, tempo : 06-01-2023-15_54_35
controls fucked, tempo : 06-01-2023-15_54_35
track lost, tempo : 06-01-2023-15_54_35
fire fucked, tempo : 06-01-2023-15_54_36
controls fucked, tempo : 06-01-2023-15_54_36
