controls fucked, tempo : 23-12-2022-22_47_27
controls fucked, tempo : 23-12-2022-22_47_27
controls fucked, tempo : 23-12-2022-22_47_27
controls fucked, tempo : 23-12-2022-22_47_27
camera fucked, tempo : 23-12-2022-22_47_27
camera fucked, tempo : 23-12-2022-22_47_27
track lost, tempo : 23-12-2022-22_47_27
camera fucked, tempo : 23-12-2022-22_47_28
camera fucked, tempo : 23-12-2022-22_47_28
track lost, tempo : 23-12-2022-22_47_28
fire fucked, tempo : 23-12-2022-22_47_28
fire fucked, tempo : 23-12-2022-22_47_28
fire fucked, tempo : 23-12-2022-22_47_28
track lost, tempo : 23-12-2022-22_47_28
fire fucked, tempo : 23-12-2022-22_47_28
camera fucked, tempo : 23-12-2022-22_47_28
controls fucked, tempo : 23-12-2022-22_47_28
controls fucked, tempo : 23-12-2022-22_47_29
camera fucked, tempo : 23-12-2022-22_47_29
camera fucked, tempo : 23-12-2022-22_47_29
track lost, tempo : 23-12-2022-22_47_29
fire fucked, tempo : 23-12-2022-22_47_29
controls fucked, tempo : 23-12-2022-22_47_29
controls fucked, tempo : 23-12-2022-22_47_29
camera fucked, tempo : 23-12-2022-22_47_29
controls fucked, tempo : 23-12-2022-22_47_29
everything fucked, tempo : 23-12-2022-22_47_29
camera fucked, tempo : 23-12-2022-22_47_30
track lost, tempo : 23-12-2022-22_47_30
camera fucked, tempo : 23-12-2022-22_47_30
everything fucked, tempo : 23-12-2022-22_47_30
fire fucked, tempo : 23-12-2022-22_47_30
fire fucked, tempo : 23-12-2022-22_47_30
everything fucked, tempo : 23-12-2022-22_47_30
camera fucked, tempo : 23-12-2022-22_47_30
controls fucked, tempo : 23-12-2022-22_47_30
fire fucked, tempo : 23-12-2022-22_47_30
everything fucked, tempo : 23-12-2022-22_47_31
fire fucked, tempo : 23-12-2022-22_47_31
track lost, tempo : 23-12-2022-22_47_31
everything fucked, tempo : 23-12-2022-22_47_31
everything fucked, tempo : 23-12-2022-22_47_31
track lost, tempo : 23-12-2022-22_47_31
track lost, tempo : 23-12-2022-22_47_31
fire fucked, tempo : 23-12-2022-22_47_31
camera fucked, tempo : 23-12-2022-22_47_31
everything fucked, tempo : 23-12-2022-22_47_31
everything fucked, tempo : 23-12-2022-22_47_32
track lost, tempo : 23-12-2022-22_47_32
camera fucked, tempo : 23-12-2022-22_47_32
camera fucked, tempo : 23-12-2022-22_47_32
camera fucked, tempo : 23-12-2022-22_47_32
track lost, tempo : 23-12-2022-22_47_32
fire fucked, tempo : 23-12-2022-22_47_32
everything fucked, tempo : 23-12-2022-22_47_32
fire fucked, tempo : 23-12-2022-22_47_32
everything fucked, tempo : 23-12-2022-22_47_32
camera fucked, tempo : 23-12-2022-22_47_33
track lost, tempo : 23-12-2022-22_47_33
everything fucked, tempo : 23-12-2022-22_47_33
track lost, tempo : 23-12-2022-22_47_33
fire fucked, tempo : 23-12-2022-22_47_33
fire fucked, tempo : 23-12-2022-22_47_33
fire fucked, tempo : 23-12-2022-22_47_33
fire fucked, tempo : 23-12-2022-22_47_33
controls fucked, tempo : 23-12-2022-22_47_33
camera fucked, tempo : 23-12-2022-22_47_33
everything fucked, tempo : 23-12-2022-22_47_34
camera fucked, tempo : 23-12-2022-22_47_34
controls fucked, tempo : 23-12-2022-22_47_34
track lost, tempo : 23-12-2022-22_47_34
fire fucked, tempo : 23-12-2022-22_47_34
camera fucked, tempo : 23-12-2022-22_47_34
controls fucked, tempo : 23-12-2022-22_47_34
camera fucked, tempo : 23-12-2022-22_47_34
controls fucked, tempo : 23-12-2022-22_47_34
everything fucked, tempo : 23-12-2022-22_47_34
track lost, tempo : 23-12-2022-22_47_35
controls fucked, tempo : 23-12-2022-22_47_35
fire fucked, tempo : 23-12-2022-22_47_35
camera fucked, tempo : 23-12-2022-22_47_35
everything fucked, tempo : 23-12-2022-22_47_35
track lost, tempo : 23-12-2022-22_47_35
fire fucked, tempo : 23-12-2022-22_47_35
controls fucked, tempo : 23-12-2022-22_47_35
track lost, tempo : 23-12-2022-22_47_35
everything fucked, tempo : 23-12-2022-22_47_35
everything fucked, tempo : 23-12-2022-22_47_36
everything fucked, tempo : 23-12-2022-22_47_36
everything fucked, tempo : 23-12-2022-22_47_36
camera fucked, tempo : 23-12-2022-22_47_36
everything fucked, tempo : 23-12-2022-22_47_36
fire fucked, tempo : 23-12-2022-22_47_36
camera fucked, tempo : 23-12-2022-22_47_36
fire fucked, tempo : 23-12-2022-22_47_36
everything fucked, tempo : 23-12-2022-22_47_36
everything fucked, tempo : 23-12-2022-22_47_36
everything fucked, tempo : 23-12-2022-22_47_37
everything fucked, tempo : 23-12-2022-22_47_37
camera fucked, tempo : 23-12-2022-22_47_37
track lost, tempo : 23-12-2022-22_47_37
fire fucked, tempo : 23-12-2022-22_47_37
everything fucked, tempo : 23-12-2022-22_47_37
everything fucked, tempo : 23-12-2022-22_47_37
everything fucked, tempo : 23-12-2022-22_47_37
fire fucked, tempo : 23-12-2022-22_47_37
controls fucked, tempo : 23-12-2022-22_47_37
controls fucked, tempo : 23-12-2022-22_47_38
camera fucked, tempo : 23-12-2022-22_47_38
fire fucked, tempo : 23-12-2022-22_47_38
everything fucked, tempo : 23-12-2022-22_47_38
track lost, tempo : 23-12-2022-22_47_38
everything fucked, tempo : 23-12-2022-22_47_38
track lost, tempo : 23-12-2022-22_47_38
fire fucked, tempo : 23-12-2022-22_47_38
controls fucked, tempo : 23-12-2022-22_47_38
track lost, tempo : 23-12-2022-22_47_38
fire fucked, tempo : 23-12-2022-22_47_39
track lost, tempo : 23-12-2022-22_47_39
track lost, tempo : 23-12-2022-22_47_39
fire fucked, tempo : 23-12-2022-22_47_39
fire fucked, tempo : 23-12-2022-22_47_39
camera fucked, tempo : 23-12-2022-22_47_39
fire fucked, tempo : 23-12-2022-22_47_39
controls fucked, tempo : 23-12-2022-22_47_39
controls fucked, tempo : 23-12-2022-22_47_39
fire fucked, tempo : 23-12-2022-22_47_39
controls fucked, tempo : 23-12-2022-22_47_40
controls fucked, tempo : 23-12-2022-22_47_40
track lost, tempo : 23-12-2022-22_47_40
fire fucked, tempo : 23-12-2022-22_47_40
everything fucked, tempo : 23-12-2022-22_47_40
camera fucked, tempo : 23-12-2022-22_47_40
controls fucked, tempo : 23-12-2022-22_47_40
everything fucked, tempo : 23-12-2022-22_47_40
fire fucked, tempo : 23-12-2022-22_47_40
everything fucked, tempo : 23-12-2022-22_47_40
camera fucked, tempo : 23-12-2022-22_47_41
everything fucked, tempo : 23-12-2022-22_47_41
track lost, tempo : 23-12-2022-22_47_41
controls fucked, tempo : 23-12-2022-22_47_41
camera fucked, tempo : 23-12-2022-22_47_41
track lost, tempo : 23-12-2022-22_47_41
track lost, tempo : 23-12-2022-22_47_41
camera fucked, tempo : 23-12-2022-22_47_41
camera fucked, tempo : 23-12-2022-22_47_41
track lost, tempo : 23-12-2022-22_47_41
everything fucked, tempo : 23-12-2022-22_47_42
track lost, tempo : 23-12-2022-22_47_42
track lost, tempo : 23-12-2022-22_47_42
camera fucked, tempo : 23-12-2022-22_47_42
fire fucked, tempo : 23-12-2022-22_47_42
camera fucked, tempo : 23-12-2022-22_47_42
controls fucked, tempo : 23-12-2022-22_47_42
track lost, tempo : 23-12-2022-22_47_42
everything fucked, tempo : 23-12-2022-22_47_42
camera fucked, tempo : 23-12-2022-22_47_42
controls fucked, tempo : 23-12-2022-22_47_43
everything fucked, tempo : 23-12-2022-22_47_43
fire fucked, tempo : 23-12-2022-22_47_43
controls fucked, tempo : 23-12-2022-22_47_43
controls fucked, tempo : 23-12-2022-22_47_43
fire fucked, tempo : 23-12-2022-22_47_43
track lost, tempo : 23-12-2022-22_47_43
camera fucked, tempo : 23-12-2022-22_47_43
controls fucked, tempo : 23-12-2022-22_47_43
fire fucked, tempo : 23-12-2022-22_47_43
fire fucked, tempo : 23-12-2022-22_47_44
track lost, tempo : 23-12-2022-22_47_44
everything fucked, tempo : 23-12-2022-22_47_44
camera fucked, tempo : 23-12-2022-22_47_44
everything fucked, tempo : 23-12-2022-22_47_44
camera fucked, tempo : 23-12-2022-22_47_44
camera fucked, tempo : 23-12-2022-22_47_44
track lost, tempo : 23-12-2022-22_47_44
everything fucked, tempo : 23-12-2022-22_47_44
fire fucked, tempo : 23-12-2022-22_47_44
track lost, tempo : 23-12-2022-22_47_45
everything fucked, tempo : 23-12-2022-22_47_45
fire fucked, tempo : 23-12-2022-22_47_45
camera fucked, tempo : 23-12-2022-22_47_45
fire fucked, tempo : 23-12-2022-22_47_45
camera fucked, tempo : 23-12-2022-22_47_45
fire fucked, tempo : 23-12-2022-22_47_45
everything fucked, tempo : 23-12-2022-22_47_45
everything fucked, tempo : 23-12-2022-22_47_45
everything fucked, tempo : 23-12-2022-22_47_45
track lost, tempo : 23-12-2022-22_47_46
track lost, tempo : 23-12-2022-22_47_46
camera fucked, tempo : 23-12-2022-22_47_46
camera fucked, tempo : 23-12-2022-22_47_46
