track lost, tempo : 27-12-2022-17_06_31
everything fucked, tempo : 27-12-2022-17_06_32
track lost, tempo : 27-12-2022-17_06_32
camera fucked, tempo : 27-12-2022-17_06_32
controls fucked, tempo : 27-12-2022-17_06_32
fire fucked, tempo : 27-12-2022-17_06_32
camera fucked, tempo : 27-12-2022-17_06_32
controls fucked, tempo : 27-12-2022-17_06_32
controls fucked, tempo : 27-12-2022-17_06_32
track lost, tempo : 27-12-2022-17_06_32
fire fucked, tempo : 27-12-2022-17_06_32
everything fucked, tempo : 27-12-2022-17_06_33
camera fucked, tempo : 27-12-2022-17_06_33
track lost, tempo : 27-12-2022-17_06_33
camera fucked, tempo : 27-12-2022-17_06_33
controls fucked, tempo : 27-12-2022-17_06_33
camera fucked, tempo : 27-12-2022-17_06_33
camera fucked, tempo : 27-12-2022-17_06_33
everything fucked, tempo : 27-12-2022-17_06_33
controls fucked, tempo : 27-12-2022-17_06_33
fire fucked, tempo : 27-12-2022-17_06_33
controls fucked, tempo : 27-12-2022-17_06_34
track lost, tempo : 27-12-2022-17_06_34
controls fucked, tempo : 27-12-2022-17_06_34
everything fucked, tempo : 27-12-2022-17_06_34
controls fucked, tempo : 27-12-2022-17_06_34
track lost, tempo : 27-12-2022-17_06_34
fire fucked, tempo : 27-12-2022-17_06_34
controls fucked, tempo : 27-12-2022-17_06_34
controls fucked, tempo : 27-12-2022-17_06_34
everything fucked, tempo : 27-12-2022-17_06_34
fire fucked, tempo : 27-12-2022-17_06_35
controls fucked, tempo : 27-12-2022-17_06_35
everything fucked, tempo : 27-12-2022-17_06_35
camera fucked, tempo : 27-12-2022-17_06_35
camera fucked, tempo : 27-12-2022-17_06_35
controls fucked, tempo : 27-12-2022-17_06_35
fire fucked, tempo : 27-12-2022-17_06_35
everything fucked, tempo : 27-12-2022-17_06_35
camera fucked, tempo : 27-12-2022-17_06_35
fire fucked, tempo : 27-12-2022-17_06_35
fire fucked, tempo : 27-12-2022-17_06_36
controls fucked, tempo : 27-12-2022-17_06_36
everything fucked, tempo : 27-12-2022-17_06_36
fire fucked, tempo : 27-12-2022-17_06_36
track lost, tempo : 27-12-2022-17_06_36
track lost, tempo : 27-12-2022-17_06_36
everything fucked, tempo : 27-12-2022-17_06_36
camera fucked, tempo : 27-12-2022-17_06_36
camera fucked, tempo : 27-12-2022-17_06_36
track lost, tempo : 27-12-2022-17_06_36
camera fucked, tempo : 27-12-2022-17_06_37
everything fucked, tempo : 27-12-2022-17_06_37
controls fucked, tempo : 27-12-2022-17_06_37
track lost, tempo : 27-12-2022-17_06_37
camera fucked, tempo : 27-12-2022-17_06_37
camera fucked, tempo : 27-12-2022-17_06_37
track lost, tempo : 27-12-2022-17_06_37
track lost, tempo : 27-12-2022-17_06_37
fire fucked, tempo : 27-12-2022-17_06_37
controls fucked, tempo : 27-12-2022-17_06_37
camera fucked, tempo : 27-12-2022-17_06_38
track lost, tempo : 27-12-2022-17_06_38
camera fucked, tempo : 27-12-2022-17_06_38
fire fucked, tempo : 27-12-2022-17_06_38
everything fucked, tempo : 27-12-2022-17_06_38
controls fucked, tempo : 27-12-2022-17_06_38
fire fucked, tempo : 27-12-2022-17_06_38
track lost, tempo : 27-12-2022-17_06_38
controls fucked, tempo : 27-12-2022-17_06_38
track lost, tempo : 27-12-2022-17_06_38
fire fucked, tempo : 27-12-2022-17_06_39
controls fucked, tempo : 27-12-2022-17_06_39
fire fucked, tempo : 27-12-2022-17_06_39
fire fucked, tempo : 27-12-2022-17_06_39
everything fucked, tempo : 27-12-2022-17_06_39
track lost, tempo : 27-12-2022-17_06_39
controls fucked, tempo : 27-12-2022-17_06_39
everything fucked, tempo : 27-12-2022-17_06_39
camera fucked, tempo : 27-12-2022-17_06_39
everything fucked, tempo : 27-12-2022-17_06_39
everything fucked, tempo : 27-12-2022-17_06_40
fire fucked, tempo : 27-12-2022-17_06_40
everything fucked, tempo : 27-12-2022-17_06_40
camera fucked, tempo : 27-12-2022-17_06_40
fire fucked, tempo : 27-12-2022-17_06_40
fire fucked, tempo : 27-12-2022-17_06_40
controls fucked, tempo : 27-12-2022-17_06_40
track lost, tempo : 27-12-2022-17_06_40
