[01m[K/home/troia/Ros/json-beta/src/respond/main.cpp:[m[K In function ‘[01m[Kchar curr_time_as_c_str()[m[K’:
[01m[K/home/troia/Ros/json-beta/src/respond/main.cpp:18:50:[m[K [01;31m[Kerror: [m[Kexpected ‘[01m[K)[m[K’ before ‘[01m[K::[m[K’ token
   18 |     return std::ctime[34m[K([m[Kstd::chrono::system_clock()[01;31m[K:[m[K[32m[K:[m[Know());
      |                      [34m[K~[m[K                           [01;31m[K^[m[K[32m[K~[m[K
      |                                                  [32m[K)[m[K
[01m[K/home/troia/Ros/json-beta/src/respond/main.cpp:18:36:[m[K [01;31m[Kerror: [m[Kcannot convert ‘[01m[Kstd::chrono::_V2::system_clock[m[K’ to ‘[01m[Kconst time_t*[m[K’ {aka ‘[01m[Kconst long int*[m[K’}
   18 |     return std::ctime(std::chrono::[01;31m[Ksystem_clock()[m[K::now());
      |                                    [01;31m[K^~~~~~~~~~~~~~[m[K
      |                                    [01;31m[K|[m[K
      |                                    [01;31m[Kstd::chrono::_V2::system_clock[m[K
In file included from [01m[K/usr/include/pthread.h:23[m[K,
                 from [01m[K/usr/include/x86_64-linux-gnu/c++/9/bits/gthr-default.h:35[m[K,
                 from [01m[K/usr/include/x86_64-linux-gnu/c++/9/bits/gthr.h:148[m[K,
                 from [01m[K/usr/include/c++/9/ext/atomicity.h:35[m[K,
                 from [01m[K/usr/include/c++/9/bits/ios_base.h:39[m[K,
                 from [01m[K/usr/include/c++/9/ios:42[m[K,
                 from [01m[K/usr/include/c++/9/ostream:38[m[K,
                 from [01m[K/usr/include/c++/9/iostream:39[m[K,
                 from [01m[K/home/troia/Ros/json-beta/src/respond/main.cpp:1[m[K:
[01m[K/usr/include/time.h:142:35:[m[K [01;36m[Knote: [m[K  initializing argument 1 of ‘[01m[Kchar* ctime(const time_t*)[m[K’
  142 | extern char *ctime ([01;36m[Kconst time_t *__timer[m[K) __THROW;
      |                     [01;36m[K~~~~~~~~~~~~~~^~~~~~~[m[K
[01m[K/home/troia/Ros/json-beta/src/respond/main.cpp:[m[K In function ‘[01m[Kstd::string log_file_name()[m[K’:
[01m[K/home/troia/Ros/json-beta/src/respond/main.cpp:22:56:[m[K [01;31m[Kerror: [m[Kno matching function for call to ‘[01m[Kstd::__cxx11::basic_string<char>::basic_string(char)[m[K’
   22 |     std::string date = std::string(curr_time_as_c_str()[01;31m[K)[m[K;
      |                                                        [01;31m[K^[m[K
In file included from [01m[K/usr/include/c++/9/string:55[m[K,
                 from [01m[K/usr/include/c++/9/bits/locale_classes.h:40[m[K,
                 from [01m[K/usr/include/c++/9/bits/ios_base.h:41[m[K,
                 from [01m[K/usr/include/c++/9/ios:42[m[K,
                 from [01m[K/usr/include/c++/9/ostream:38[m[K,
                 from [01m[K/usr/include/c++/9/iostream:39[m[K,
                 from [01m[K/home/troia/Ros/json-beta/src/respond/main.cpp:1[m[K:
[01m[K/usr/include/c++/9/bits/basic_string.h:629:9:[m[K [01;36m[Knote: [m[Kcandidate: ‘[01m[Ktemplate<class _InputIterator, class> std::__cxx11::basic_string<_CharT, _Traits, _Alloc>::basic_string(_InputIterator, _InputIterator, const _Alloc&)[m[K’
  629 |         [01;36m[Kbasic_string[m[K(_InputIterator __beg, _InputIterator __end,
      |         [01;36m[K^~~~~~~~~~~~[m[K
[01m[K/usr/include/c++/9/bits/basic_string.h:629:9:[m[K [01;36m[Knote: [m[K  template argument deduction/substitution failed:
[01m[K/home/troia/Ros/json-beta/src/respond/main.cpp:22:56:[m[K [01;36m[Knote: [m[K  candidate expects 3 arguments, 1 provided
   22 |     std::string date = std::string(curr_time_as_c_str()[01;36m[K)[m[K;
      |                                                        [01;36m[K^[m[K
In file included from [01m[K/usr/include/c++/9/string:55[m[K,
                 from [01m[K/usr/include/c++/9/bits/locale_classes.h:40[m[K,
                 from [01m[K/usr/include/c++/9/bits/ios_base.h:41[m[K,
                 from [01m[K/usr/include/c++/9/ios:42[m[K,
                 from [01m[K/usr/include/c++/9/ostream:38[m[K,
                 from [01m[K/usr/include/c++/9/iostream:39[m[K,
                 from [01m[K/home/troia/Ros/json-beta/src/respond/main.cpp:1[m[K:
[01m[K/usr/include/c++/9/bits/basic_string.h:591:7:[m[K [01;36m[Knote: [m[Kcandidate: ‘[01m[Kstd::__cxx11::basic_string<_CharT, _Traits, _Alloc>::basic_string(std::__cxx11::basic_string<_CharT, _Traits, _Alloc>&&, const _Alloc&) [with _CharT = char; _Traits = std::char_traits<char>; _Alloc = std::allocator<char>][m[K’
  591 |       [01;36m[Kbasic_string[m[K(basic_string&& __str, const _Alloc& __a)
      |       [01;36m[K^~~~~~~~~~~~[m[K
[01m[K/usr/include/c++/9/bits/basic_string.h:591:7:[m[K [01;36m[Knote: [m[K  candidate expects 2 arguments, 1 provided
[01m[K/usr/include/c++/9/bits/basic_string.h:587:7:[m[K [01;36m[Knote: [m[Kcandidate: ‘[01m[Kstd::__cxx11::basic_string<_CharT, _Traits, _Alloc>::basic_string(const std::__cxx11::basic_string<_CharT, _Traits, _Alloc>&, const _Alloc&) [with _CharT = char; _Traits = std::char_traits<char>; _Alloc = std::allocator<char>][m[K’
  587 |       [01;36m[Kbasic_string[m[K(const basic_string& __str, const _Alloc& __a)
      |       [01;36m[K^~~~~~~~~~~~[m[K
[01m[K/usr/include/c++/9/bits/basic_string.h:587:7:[m[K [01;36m[Knote: [m[K  candidate expects 2 arguments, 1 provided
[01m[K/usr/include/c++/9/bits/basic_string.h:583:7:[m[K [01;36m[Knote: [m[Kcandidate: ‘[01m[Kstd::__cxx11::basic_string<_CharT, _Traits, _Alloc>::basic_string(std::initializer_list<_Tp>, const _Alloc&) [with _CharT = char; _Traits = std::char_traits<char>; _Alloc = std::allocator<char>][m[K’
  583 |       [01;36m[Kbasic_string[m[K(initializer_list<_CharT> __l, const _Alloc& __a = _Alloc())
      |       [01;36m[K^~~~~~~~~~~~[m[K
[01m[K/usr/include/c++/9/bits/basic_string.h:583:45:[m[K [01;36m[Knote: [m[K  no known conversion for argument 1 from ‘[01m[Kchar[m[K’ to ‘[01m[Kstd::initializer_list<char>[m[K’
  583 |       basic_string([01;36m[Kinitializer_list<_CharT> __l[m[K, const _Alloc& __a = _Alloc())
      |                    [01;36m[K~~~~~~~~~~~~~~~~~~~~~~~~~^~~[m[K
[01m[K/usr/include/c++/9/bits/basic_string.h:556:7:[m[K [01;36m[Knote: [m[Kcandidate: ‘[01m[Kstd::__cxx11::basic_string<_CharT, _Traits, _Alloc>::basic_string(std::__cxx11::basic_string<_CharT, _Traits, _Alloc>&&) [with _CharT = char; _Traits = std::char_traits<char>; _Alloc = std::allocator<char>][m[K’
  556 |       [01;36m[Kbasic_string[m[K(basic_string&& __str) noexcept
      |       [01;36m[K^~~~~~~~~~~~[m[K
[01m[K/usr/include/c++/9/bits/basic_string.h:556:35:[m[K [01;36m[Knote: [m[K  no known conversion for argument 1 from ‘[01m[Kchar[m[K’ to ‘[01m[Kstd::__cxx11::basic_string<char>&&[m[K’
  556 |       basic_string([01;36m[Kbasic_string&& __str[m[K) noexcept
      |                    [01;36m[K~~~~~~~~~~~~~~~^~~~~[m[K
[01m[K/usr/include/c++/9/bits/basic_string.h:544:7:[m[K [01;36m[Knote: [m[Kcandidate: ‘[01m[Kstd::__cxx11::basic_string<_CharT, _Traits, _Alloc>::basic_string(std::__cxx11::basic_string<_CharT, _Traits, _Alloc>::size_type, _CharT, const _Alloc&) [with _CharT = char; _Traits = std::char_traits<char>; _Alloc = std::allocator<char>; std::__cxx11::basic_string<_CharT, _Traits, _Alloc>::size_type = long unsigned int][m[K’
  544 |       [01;36m[Kbasic_string[m[K(size_type __n, _CharT __c, const _Alloc& __a = _Alloc())
      |       [01;36m[K^~~~~~~~~~~~[m[K
[01m[K/usr/include/c++/9/bits/basic_string.h:544:7:[m[K [01;36m[Knote: [m[K  candidate expects 3 arguments, 1 provided
[01m[K/usr/include/c++/9/bits/basic_string.h:529:7:[m[K [01;36m[Knote: [m[Kcandidate: ‘[01m[Kstd::__cxx11::basic_string<_CharT, _Traits, _Alloc>::basic_string(const _CharT*, const _Alloc&) [with _CharT = char; _Traits = std::char_traits<char>; _Alloc = std::allocator<char>][m[K’ <near match>
  529 |       [01;36m[Kbasic_string[m[K(const _CharT* __s, const _Alloc& __a = _Alloc())
      |       [01;36m[K^~~~~~~~~~~~[m[K
[01m[K/usr/include/c++/9/bits/basic_string.h:529:7:[m[K [01;36m[Knote: [m[K  conversion of argument 1 would be ill-formed:
[01m[K/home/troia/Ros/json-beta/src/respond/main.cpp:22:54:[m[K [01;31m[Kerror: [m[Kinvalid conversion from ‘[01m[Kchar[m[K’ to ‘[01m[Kconst char*[m[K’ [[01;31m[K-fpermissive[m[K]
   22 |     std::string date = std::string([01;31m[Kcurr_time_as_c_str()[m[K);
      |                                    [01;31m[K~~~~~~~~~~~~~~~~~~^~[m[K
      |                                                      [01;31m[K|[m[K
      |                                                      [01;31m[Kchar[m[K
In file included from [01m[K/usr/include/c++/9/string:55[m[K,
                 from [01m[K/usr/include/c++/9/bits/locale_classes.h:40[m[K,
                 from [01m[K/usr/include/c++/9/bits/ios_base.h:41[m[K,
                 from [01m[K/usr/include/c++/9/ios:42[m[K,
                 from [01m[K/usr/include/c++/9/ostream:38[m[K,
                 from [01m[K/usr/include/c++/9/iostream:39[m[K,
                 from [01m[K/home/troia/Ros/json-beta/src/respond/main.cpp:1[m[K:
[01m[K/usr/include/c++/9/bits/basic_string.h:514:7:[m[K [01;36m[Knote: [m[Kcandidate: ‘[01m[Kstd::__cxx11::basic_string<_CharT, _Traits, _Alloc>::basic_string(const _CharT*, std::__cxx11::basic_string<_CharT, _Traits, _Alloc>::size_type, const _Alloc&) [with _CharT = char; _Traits = std::char_traits<char>; _Alloc = std::allocator<char>; std::__cxx11::basic_string<_CharT, _Traits, _Alloc>::size_type = long unsigned int][m[K’
  514 |       [01;36m[Kbasic_string[m[K(const _CharT* __s, size_type __n,
      |       [01;36m[K^~~~~~~~~~~~[m[K
[01m[K/usr/include/c++/9/bits/basic_string.h:514:7:[m[K [01;36m[Knote: [m[K  candidate expects 3 arguments, 1 provided
[01m[K/usr/include/c++/9/bits/basic_string.h:496:7:[m[K [01;36m[Knote: [m[Kcandidate: ‘[01m[Kstd::__cxx11::basic_string<_CharT, _Traits, _Alloc>::basic_string(const std::__cxx11::basic_string<_CharT, _Traits, _Alloc>&, std::__cxx11::basic_string<_CharT, _Traits, _Alloc>::size_type, std::__cxx11::basic_string<_CharT, _Traits, _Alloc>::size_type, const _Alloc&) [with _CharT = char; _Traits = std::char_traits<char>; _Alloc = std::allocator<char>; std::__cxx11::basic_string<_CharT, _Traits, _Alloc>::size_type = long unsigned int][m[K’
  496 |       [01;36m[Kbasic_string[m[K(const basic_string& __str, size_type __pos,
      |       [01;36m[K^~~~~~~~~~~~[m[K
[01m[K/usr/include/c++/9/bits/basic_string.h:496:7:[m[K [01;36m[Knote: [m[K  candidate expects 4 arguments, 1 provided
[01m[K/usr/include/c++/9/bits/basic_string.h:480:7:[m[K [01;36m[Knote: [m[Kcandidate: ‘[01m[Kstd::__cxx11::basic_string<_CharT, _Traits, _Alloc>::basic_string(const std::__cxx11::basic_string<_CharT, _Traits, _Alloc>&, std::__cxx11::basic_string<_CharT, _Traits, _Alloc>::size_type, std::__cxx11::basic_string<_CharT, _Traits, _Alloc>::size_type) [with _CharT = char; _Traits = std::char_traits<char>; _Alloc = std::allocator<char>; std::__cxx11::basic_string<_CharT, _Traits, _Alloc>::size_type = long unsigned int][m[K’
  480 |       [01;36m[Kbasic_string[m[K(const basic_string& __str, size_type __pos,
      |       [01;36m[K^~~~~~~~~~~~[m[K
[01m[K/usr/include/c++/9/bits/basic_string.h:480:7:[m[K [01;36m[Knote: [m[K  candidate expects 3 arguments, 1 provided
[01m[K/usr/include/c++/9/bits/basic_string.h:465:7:[m[K [01;36m[Knote: [m[Kcandidate: ‘[01m[Kstd::__cxx11::basic_string<_CharT, _Traits, _Alloc>::basic_string(const std::__cxx11::basic_string<_CharT, _Traits, _Alloc>&, std::__cxx11::basic_string<_CharT, _Traits, _Alloc>::size_type, const _Alloc&) [with _CharT = char; _Traits = std::char_traits<char>; _Alloc = std::allocator<char>; std::__cxx11::basic_string<_CharT, _Traits, _Alloc>::size_type = long unsigned int][m[K’
  465 |       [01;36m[Kbasic_string[m[K(const basic_string& __str, size_type __pos,
      |       [01;36m[K^~~~~~~~~~~~[m[K
[01m[K/usr/include/c++/9/bits/basic_string.h:465:7:[m[K [01;36m[Knote: [m[K  candidate expects 3 arguments, 1 provided
[01m[K/usr/include/c++/9/bits/basic_string.h:452:7:[m[K [01;36m[Knote: [m[Kcandidate: ‘[01m[Kstd::__cxx11::basic_string<_CharT, _Traits, _Alloc>::basic_string(const std::__cxx11::basic_string<_CharT, _Traits, _Alloc>&) [with _CharT = char; _Traits = std::char_traits<char>; _Alloc = std::allocator<char>][m[K’
  452 |       [01;36m[Kbasic_string[m[K(const basic_string& __str)
      |       [01;36m[K^~~~~~~~~~~~[m[K
[01m[K/usr/include/c++/9/bits/basic_string.h:452:40:[m[K [01;36m[Knote: [m[K  no known conversion for argument 1 from ‘[01m[Kchar[m[K’ to ‘[01m[Kconst std::__cxx11::basic_string<char>&[m[K’
  452 |       basic_string([01;36m[Kconst basic_string& __str[m[K)
      |                    [01;36m[K~~~~~~~~~~~~~~~~~~~~^~~~~[m[K
[01m[K/usr/include/c++/9/bits/basic_string.h:444:7:[m[K [01;36m[Knote: [m[Kcandidate: ‘[01m[Kstd::__cxx11::basic_string<_CharT, _Traits, _Alloc>::basic_string(const _Alloc&) [with _CharT = char; _Traits = std::char_traits<char>; _Alloc = std::allocator<char>][m[K’
  444 |       [01;36m[Kbasic_string[m[K(const _Alloc& __a) _GLIBCXX_NOEXCEPT
      |       [01;36m[K^~~~~~~~~~~~[m[K
[01m[K/usr/include/c++/9/bits/basic_string.h:444:34:[m[K [01;36m[Knote: [m[K  no known conversion for argument 1 from ‘[01m[Kchar[m[K’ to ‘[01m[Kconst std::allocator<char>&[m[K’
  444 |       basic_string([01;36m[Kconst _Alloc& __a[m[K) _GLIBCXX_NOEXCEPT
      |                    [01;36m[K~~~~~~~~~~~~~~^~~[m[K
[01m[K/usr/include/c++/9/bits/basic_string.h:435:7:[m[K [01;36m[Knote: [m[Kcandidate: ‘[01m[Kstd::__cxx11::basic_string<_CharT, _Traits, _Alloc>::basic_string() [with _CharT = char; _Traits = std::char_traits<char>; _Alloc = std::allocator<char>][m[K’
  435 |       [01;36m[Kbasic_string[m[K()
      |       [01;36m[K^~~~~~~~~~~~[m[K
[01m[K/usr/include/c++/9/bits/basic_string.h:435:7:[m[K [01;36m[Knote: [m[K  candidate expects 0 arguments, 1 provided
[01m[K/home/troia/Ros/json-beta/src/respond/main.cpp:24:32:[m[K [01;31m[Kerror: [m[K‘[01m[Kres[m[K’ was not declared in this scope; did you mean ‘[01m[Kros[m[K’?
   24 |     std::replace(date.begin(), [01;31m[Kres[m[K.end(), ' ', '-');
      |                                [01;31m[K^~~[m[K
      |                                [32m[Kros[m[K
[01m[K/home/troia/Ros/json-beta/src/respond/main.cpp:[m[K At global scope:
[01m[K/home/troia/Ros/json-beta/src/respond/main.cpp:89:3:[m[K [01;31m[Kerror: [m[Kexpected ‘[01m[K}[m[K’ before ‘[01m[K{[m[K’ token
   89 |   [01;31m[K{[m[K"haltAndCatchFire", &Responder::haltAndCatchFire}
      |   [01;31m[K^[m[K
[01m[K/home/troia/Ros/json-beta/src/respond/main.cpp:86:2:[m[K [01;36m[Knote: [m[Kto match this ‘[01m[K{[m[K’
   86 |  [01;36m[K{[m[K{"onTrackLost", &Responder::onTrackLost},
      |  [01;36m[K^[m[K
[01m[K/home/troia/Ros/json-beta/src/respond/main.cpp:89:3:[m[K [01;31m[Kerror: [m[Kexpected ‘[01m[K;[m[K’ before ‘[01m[K{[m[K’ token
   89 |   [01;31m[K{[m[K"haltAndCatchFire", &Responder::haltAndCatchFire}
      |   [01;31m[K^[m[K
[01m[K/home/troia/Ros/json-beta/src/respond/main.cpp:122:40:[m[K [01;31m[Kerror: [m[Kcannot bind non-const lvalue reference of type ‘[01m[Kstd::string&[m[K’ {aka ‘[01m[Kstd::__cxx11::basic_string<char>&[m[K’} to an rvalue of type ‘[01m[Kstd::string[m[K’ {aka ‘[01m[Kstd::__cxx11::basic_string<char>[m[K’}
  122 | Logger log4j = new Logger([01;31m[Klog_file_name()[m[K);
      |                           [01;31m[K~~~~~~~~~~~~~^~[m[K
[01m[K/home/troia/Ros/json-beta/src/respond/main.cpp:32:26:[m[K [01;36m[Knote: [m[K  initializing argument 1 of ‘[01m[KLogger::Logger(std::string&)[m[K’
   32 |     Logger ([01;36m[Kstd::string& file[m[K) {
      |             [01;36m[K~~~~~~~~~~~~~^~~~[m[K
[01m[K/home/troia/Ros/json-beta/src/respond/main.cpp:123:15:[m[K [01;31m[Kerror: [m[Kconversion from ‘[01m[KResponder*[m[K’ to non-scalar type ‘[01m[KResponder[m[K’ requested
  123 | Responder r = [01;31m[Knew Responder()[m[K;
      |               [01;31m[K^~~~~~~~~~~~~~~[m[K
make[2]: *** [CMakeFiles/respond_node.dir/build.make:63: CMakeFiles/respond_node.dir/main.cpp.o] Error 1
make[1]: *** [CMakeFiles/Makefile2:155: CMakeFiles/respond_node.dir/all] Error 2
make: *** [Makefile:141: all] Error 2
